Starting pharokka v1.3.2
Checking database installation.
All databases have been successfully checked.
Checking dependencies.
Phanotate version found is v1.5.1.
Phanotate version is ok.
MMseqs2 version found is v13.45111.
MMseqs2 version is ok.
tRNAscan-SE version found is v2.0.12.
tRNAscan-SE version is ok.
MinCED version found is v0.4.2.
MinCED version is ok.
ARAGORN version found is v1.2.41.
ARAGORN version is ok.
mash version found is v2.3.
mash version is ok.
Checking Input FASTA.
FASTA checked.
Phanotate will be used for gene prediction.
Running Phanotate.
Running tRNAscan-SE.
Running MinCED.
Running Aragorn.
Running MMseqs2 on PHROGs Database.
Running mmseqs2 on CARD.
Running mmseqs2 on vfdb.
Post Processing Output.
Processing mmseqs2 output.
0 VFDB virulence factors identified.
Processing CARD output.
0 CARD AMR genes identified.
Converting gff to genbank.
Terminase large subunit found.
Finding the closest match for each contig in INPHARED using mash.
pharokka has finished
Elapsed time: 1033.26 seconds
If you use pharokka in your research, please cite:
George Bouras, Roshan Nepal, Ghais Houtak, Alkis James Psaltis, Peter-John Wormald, Sarah Vreugde.
Pharokka: a fast scalable bacteriophage annotation tool.
Bioinformatics, Volume 39, Issue 1, January 2023, btac776.
https://doi.org/10.1093/bioinformatics/btac776.
You should also cite the full list of tools pharokka uses, which can be found at https://github.com/gbouras13/pharokka#citation.
